<?xml version="1.0" encoding="UTF-8"?>
<!-- Generated by org.testng.reporters.JUnitReportReporter -->
<testsuite hostname="qainfotech-HP-Pro-3090-Microtower-PC" name="com.qait.TatoctestNg.Testclass" tests="9" failures="0" timestamp="7 Mar 2019 11:54:34 GMT" time="6.932" errors="0">
  <testcase name="Test08_advancedCourse" time="0.208" classname="com.qait.TatoctestNg.Testclass"/>
  <testcase name="Test09_dropDown" time="0.722" classname="com.qait.TatoctestNg.Testclass"/>
  <testcase name="Test01_LaunchTest" time="1.208" classname="com.qait.TatoctestNg.Testclass"/>
  <testcase name="Test07_cookieHandling" time="0.760" classname="com.qait.TatoctestNg.Testclass"/>
  <testcase name="Test03_frame" time="2.670" classname="com.qait.TatoctestNg.Testclass"/>
  <testcase name="Test06_LaunchpopupWindow" time="0.546" classname="com.qait.TatoctestNg.Testclass"/>
  <testcase name="Test02_gridGateTatoc" time="0.271" classname="com.qait.TatoctestNg.Testclass"/>
  <testcase name="Test04_dragTest" time="0.245" classname="com.qait.TatoctestNg.Testclass"/>
  <testcase name="Test05_popupWindowTest" time="0.302" classname="com.qait.TatoctestNg.Testclass"/>
</testsuite> <!-- com.qait.TatoctestNg.Testclass -->
